0 info it worked if it ends with ok
1 verbose cli [ '/usr/local/Cellar/node/5.8.0/bin/node',
1 verbose cli   '/usr/local/bin/npm',
1 verbose cli   'install',
1 verbose cli   '-g',
1 verbose cli   'ember-cli' ]
2 info using npm@3.7.3
3 info using node@v5.8.0
4 silly loadCurrentTree Starting
5 silly install loadCurrentTree
6 silly install readGlobalPackageData
7 silly fetchPackageMetaData ember-cli
8 silly fetchNamedPackageData ember-cli
9 silly mapToRegistry name ember-cli
10 silly mapToRegistry using default registry
11 silly mapToRegistry registry https://registry.npmjs.org/
12 silly mapToRegistry uri https://registry.npmjs.org/ember-cli
13 verbose request uri https://registry.npmjs.org/ember-cli
14 verbose request no auth needed
15 info attempt registry request try #1 at 6:06:43 PM
16 verbose request id 2e9088a6e36b3834
17 http request GET https://registry.npmjs.org/ember-cli
18 info retry will retry, error on last attempt: Error: tunneling socket could not be established, cause=getaddrinfo ENOTFOUND proxy-src.research.ge.com proxy-src.research.ge.com:8080
19 info attempt registry request try #2 at 6:06:53 PM
20 http request GET https://registry.npmjs.org/ember-cli
21 info retry will retry, error on last attempt: Error: tunneling socket could not be established, cause=getaddrinfo ENOTFOUND proxy-src.research.ge.com proxy-src.research.ge.com:8080
22 info attempt registry request try #3 at 6:07:53 PM
23 http request GET https://registry.npmjs.org/ember-cli
24 silly fetchPackageMetaData Error: tunneling socket could not be established, cause=getaddrinfo ENOTFOUND proxy-src.research.ge.com proxy-src.research.ge.com:8080
24 silly fetchPackageMetaData     at ClientRequest.onError (/usr/local/lib/node_modules/npm/node_modules/request/node_modules/tunnel-agent/index.js:176:17)
24 silly fetchPackageMetaData     at ClientRequest.g (events.js:273:16)
24 silly fetchPackageMetaData     at emitOne (events.js:90:13)
24 silly fetchPackageMetaData     at ClientRequest.emit (events.js:182:7)
24 silly fetchPackageMetaData     at Socket.socketErrorListener (_http_client.js:295:9)
24 silly fetchPackageMetaData     at emitOne (events.js:90:13)
24 silly fetchPackageMetaData     at Socket.emit (events.js:182:7)
24 silly fetchPackageMetaData     at connectErrorNT (net.js:992:8)
24 silly fetchPackageMetaData     at _combinedTickCallback (node.js:377:13)
24 silly fetchPackageMetaData     at process._tickCallback (node.js:401:11)
24 silly fetchPackageMetaData  error for ember-cli { [Error: tunneling socket could not be established, cause=getaddrinfo ENOTFOUND proxy-src.research.ge.com proxy-src.research.ge.com:8080] code: 'ECONNRESET' }
25 silly rollbackFailedOptional Starting
26 silly rollbackFailedOptional Finishing
27 silly runTopLevelLifecycles Starting
28 silly runTopLevelLifecycles Finishing
29 silly install printInstalled
30 verbose stack Error: tunneling socket could not be established, cause=getaddrinfo ENOTFOUND proxy-src.research.ge.com proxy-src.research.ge.com:8080
30 verbose stack     at ClientRequest.onError (/usr/local/lib/node_modules/npm/node_modules/request/node_modules/tunnel-agent/index.js:176:17)
30 verbose stack     at ClientRequest.g (events.js:273:16)
30 verbose stack     at emitOne (events.js:90:13)
30 verbose stack     at ClientRequest.emit (events.js:182:7)
30 verbose stack     at Socket.socketErrorListener (_http_client.js:295:9)
30 verbose stack     at emitOne (events.js:90:13)
30 verbose stack     at Socket.emit (events.js:182:7)
30 verbose stack     at connectErrorNT (net.js:992:8)
30 verbose stack     at _combinedTickCallback (node.js:377:13)
30 verbose stack     at process._tickCallback (node.js:401:11)
31 verbose cwd /Users/212417951/Documents/menkhaus/DTech/grab_all_repos/px-buttons-design
32 error Darwin 15.6.0
33 error argv "/usr/local/Cellar/node/5.8.0/bin/node" "/usr/local/bin/npm" "install" "-g" "ember-cli"
34 error node v5.8.0
35 error npm  v3.7.3
36 error code ECONNRESET
37 error network tunneling socket could not be established, cause=getaddrinfo ENOTFOUND proxy-src.research.ge.com proxy-src.research.ge.com:8080
38 error network This is most likely not a problem with npm itself
38 error network and is related to network connectivity.
38 error network In most cases you are behind a proxy or have bad network settings.
38 error network
38 error network If you are behind a proxy, please make sure that the
38 error network 'proxy' config is set properly.  See: 'npm help config'
39 verbose exit [ 1, true ]
